
/home/runner/work/exp-whitworth-mechanism-nitk/exp-whitworth-mechanism-nitk/experiment/simulation/js/MOMscript.js
   22:10  warning  'point' is defined but never used       no-unused-vars
   30:10  warning  'pointtrans' is defined but never used  no-unused-vars
   38:10  warning  'pointdisp' is defined but never used   no-unused-vars
   88:10  warning  'pointdist' is defined but never used   no-unused-vars
   94:10  warning  'pointjoin' is defined but never used   no-unused-vars
  109:10  warning  'pointtrace' is defined but never used  no-unused-vars
  127:10  warning  'deg' is defined but never used         no-unused-vars
  137:10  warning  'drawrect' is defined but never used    no-unused-vars
  157:10  warning  'drawArrow' is defined but never used   no-unused-vars
  173:10  warning  'signof' is defined but never used      no-unused-vars
  179:10  warning  'roundd' is defined but never used      no-unused-vars
  185:10  warning  'plotgraph' is defined but never used   no-unused-vars
  195:1   warning  'i' is not defined                      no-undef
  197:7   warning  'i' is not defined                      no-undef
  199:20  warning  'i' is not defined                      no-undef
  199:27  warning  'i' is not defined                      no-undef
  200:2   warning  'i' is not defined                      no-undef
  201:6   warning  'i' is not defined                      no-undef
  204:3   warning  'i' is not defined                      no-undef
  204:5   warning  'i' is not defined                      no-undef

/home/runner/work/exp-whitworth-mechanism-nitk/exp-whitworth-mechanism-nitk/experiment/simulation/js/dpi.js
  39:5  error  Parsing error: Identifier 'canvas' has already been declared

/home/runner/work/exp-whitworth-mechanism-nitk/exp-whitworth-mechanism-nitk/experiment/simulation/js/jquery-3.6.0.js
     17:44  warning  'module' is not defined                                                    no-undef
     25:5   warning  'module' is not defined                                                    no-undef
    142:13  warning  'Symbol' is already defined as a built-in global variable                  no-redeclare
    717:22  warning  Unexpected control character(s) in regular expression: \x1f, \x1f          no-control-regex
    779:50  warning  Empty block statement                                                      no-empty
   2185:38  warning  Do not access Object.prototype method 'hasOwnProperty' from target object  no-prototype-builtins
   3205:16  warning  Unnecessary escape character: \/                                           no-useless-escape
   3507:52  warning  Empty block statement                                                      no-empty
   4584:21  warning  Empty block statement                                                      no-empty
   5051:28  warning  Unnecessary escape character: \/                                           no-useless-escape
   5268:19  warning  Empty block statement                                                      no-empty
   6564:25  warning  Empty block statement                                                      no-empty
   9171:17  warning  Empty block statement                                                      no-empty
   9819:28  warning  'urlAnchor.href' is assigned to itself                                     no-self-assign
  10269:17  warning  Empty block statement                                                      no-empty
  11162:39  warning  'define' is not defined                                                    no-undef
  11163:5   warning  'define' is not defined                                                    no-undef

/home/runner/work/exp-whitworth-mechanism-nitk/exp-whitworth-mechanism-nitk/experiment/simulation/js/jquery-ui.js
      9:39  warning  'define' is not defined                                      no-undef
     11:5   warning  'define' is not defined                                      no-undef
     14:13  warning  'jQuery' is not defined                                      no-undef
     21:7   warning  'version' is assigned a value but never used                 no-unused-vars
    797:7   warning  'widget' is assigned a value but never used                  no-unused-vars
    822:19  warning  Unnecessary escape character: \+                             no-useless-escape
    822:21  warning  Unnecessary escape character: \-                             no-useless-escape
   1365:7   warning  'position' is assigned a value but never used                no-unused-vars
   1381:7   warning  'data' is assigned a value but never used                    no-unused-vars
   1410:7   warning  'disableSelection' is assigned a value but never used        no-unused-vars
   1452:23  warning  Unnecessary escape character: \-                             no-useless-escape
   1462:39  warning  Unnecessary escape character: \%                             no-useless-escape
   1462:63  warning  Unnecessary escape character: \%                             no-useless-escape
   1462:87  warning  Unnecessary escape character: \%                             no-useless-escape
   1499:61  warning  Unnecessary escape character: \%                             no-useless-escape
   1499:85  warning  Unnecessary escape character: \%                             no-useless-escape
   2078:29  warning  Empty block statement                                        no-empty
   3120:63  warning  Empty block statement                                        no-empty
   3156:7   warning  'effectsEffectBlind' is assigned a value but never used      no-unused-vars
   3217:7   warning  'effectsEffectBounce' is assigned a value but never used     no-unused-vars
   3309:7   warning  'effectsEffectClip' is assigned a value but never used       no-unused-vars
   3360:7   warning  'effectsEffectDrop' is assigned a value but never used       no-unused-vars
   3418:7   warning  'effectsEffectExplode' is assigned a value but never used    no-unused-vars
   3523:7   warning  'effectsEffectFade' is assigned a value but never used       no-unused-vars
   3560:7   warning  'effectsEffectFold' is assigned a value but never used       no-unused-vars
   3639:7   warning  'effectsEffectHighlight' is assigned a value but never used  no-unused-vars
   3683:7   warning  'effectsEffectSize' is assigned a value but never used       no-unused-vars
   3884:7   warning  'effectsEffectScale' is assigned a value but never used      no-unused-vars
   3929:7   warning  'effectsEffectPuff' is assigned a value but never used       no-unused-vars
   3957:7   warning  'effectsEffectPulsate' is assigned a value but never used    no-unused-vars
   4007:7   warning  'effectsEffectShake' is assigned a value but never used      no-unused-vars
   4062:7   warning  'effectsEffectSlide' is assigned a value but never used      no-unused-vars
   4127:7   warning  'effect' is already defined                                  no-redeclare
   4133:7   warning  'effectsEffectTransfer' is assigned a value but never used   no-unused-vars
   4209:7   warning  'focusable' is assigned a value but never used               no-unused-vars
   4214:7   warning  'form' is assigned a value but never used                    no-unused-vars
   4234:7   warning  'formResetMixin' is assigned a value but never used          no-unused-vars
   4311:22  warning  Unexpected control character(s) in regular expression: \x1f  no-control-regex
   4369:7   warning  'keycode' is assigned a value but never used                 no-unused-vars
   4402:7   warning  'labels' is assigned a value but never used                  no-unused-vars
   4455:7   warning  'scrollParent' is assigned a value but never used            no-unused-vars
   4492:7   warning  'tabbable' is assigned a value but never used                no-unused-vars
   4516:7   warning  'uniqueId' is assigned a value but never used                no-unused-vars
   4558:7   warning  'widgetsAccordion' is assigned a value but never used        no-unused-vars
   5187:7   warning  'safeActiveElement' is assigned a value but never used       no-unused-vars
   5233:7   warning  'widgetsMenu' is assigned a value but never used             no-unused-vars
   5939:13  warning  Unnecessary escape character: \-                             no-useless-escape
   5939:15  warning  Unnecessary escape character: \[                             no-useless-escape
   5939:30  warning  Unnecessary escape character: \^                             no-useless-escape
   6581:30  warning  Unnecessary escape character: \-                             no-useless-escape
   6581:32  warning  Unnecessary escape character: \[                             no-useless-escape
   6581:47  warning  Unnecessary escape character: \^                             no-useless-escape
   6626:7   warning  'widgetsAutocomplete' is assigned a value but never used     no-unused-vars
   6648:7   warning  'widgetsControlgroup' is assigned a value but never used     no-unused-vars
   7239:7   warning  'widgetsCheckboxradio' is assigned a value but never used    no-unused-vars
   7686:7   warning  'widgetsButton' is assigned a value but never used           no-unused-vars
   7921:51  warning  Unnecessary escape character: \-                             no-useless-escape
   8620:23  warning  Empty block statement                                        no-empty
   9326:18  warning  Unexpected constant condition                                no-constant-condition
   9623:27  warning  Unnecessary escape character: \-                             no-useless-escape
  10293:40  warning  Unnecessary escape character: \-                             no-useless-escape
  10295:32  warning  Unnecessary escape character: \-                             no-useless-escape
  10435:35  warning  Unnecessary escape character: \-                             no-useless-escape
  10438:35  warning  Unnecessary escape character: \-                             no-useless-escape
  10603:7   warning  'widgetsDatepicker' is assigned a value but never used       no-unused-vars
  10606:7   warning  'ie' is assigned a value but never used                      no-unused-vars
  10627:7   warning  'widgetsMouse' is assigned a value but never used            no-unused-vars
  10835:7   warning  'plugin' is assigned a value but never used                  no-unused-vars
  10868:7   warning  'safeBlur' is assigned a value but never used                no-unused-vars
  12169:7   warning  'widgetsDraggable' is assigned a value but never used        no-unused-vars
  13428:7   warning  'widgetsResizable' is assigned a value but never used        no-unused-vars
  14383:7   warning  'widgetsDialog' is assigned a value but never used           no-unused-vars
  14902:7   warning  'widgetsDroppable' is assigned a value but never used        no-unused-vars
  14924:7   warning  'widgetsProgressbar' is assigned a value but never used      no-unused-vars
  15081:7   warning  'widgetsSelectable' is assigned a value but never used       no-unused-vars
  15399:7   warning  'widgetsSelectmenu' is assigned a value but never used       no-unused-vars
  16098:7   warning  'widgetsSlider' is assigned a value but never used           no-unused-vars
  16890:7   warning  'widgetsSortable' is assigned a value but never used         no-unused-vars
  17501:33  warning  Unnecessary escape character: \-                             no-useless-escape
  19078:15  warning  'Globalize' is not defined                                   no-undef
  19089:11  warning  'Globalize' is not defined                                   no-undef
  19209:7   warning  'widgetsSpinner' is assigned a value but never used          no-unused-vars
  19265:25  warning  Empty block statement                                        no-empty
  19268:25  warning  Empty block statement                                        no-empty
  19507:38  warning  Unnecessary escape character: \/                             no-useless-escape
  19507:47  warning  Unnecessary escape character: \[                             no-useless-escape
  19507:51  warning  Unnecessary escape character: \^                             no-useless-escape
  20132:7   warning  'widgetsTabs' is assigned a value but never used             no-unused-vars
  20643:7   warning  'widgetsTooltip' is assigned a value but never used          no-unused-vars

/home/runner/work/exp-whitworth-mechanism-nitk/exp-whitworth-mechanism-nitk/experiment/simulation/js/jquery.ui.touch-punch.js
  174:4  warning  'jQuery' is not defined  no-undef

/home/runner/work/exp-whitworth-mechanism-nitk/exp-whitworth-mechanism-nitk/experiment/simulation/js/jquery.ui.touch-punch.min.js
  81:4  warning  'jQuery' is not defined  no-undef

/home/runner/work/exp-whitworth-mechanism-nitk/exp-whitworth-mechanism-nitk/experiment/simulation/js/script1.js
     7:5   warning  'commenttext' is assigned a value but never used  no-unused-vars
     8:5   warning  'commentloc' is assigned a value but never used   no-unused-vars
    10:5   warning  'trans' is assigned a value but never used        no-unused-vars
    10:17  warning  'point' is not defined                            no-undef
    11:13  warning  'point' is not defined                            no-undef
    12:13  warning  'point' is not defined                            no-undef
    13:13  warning  'point' is not defined                            no-undef
    14:13  warning  'point' is not defined                            no-undef
    15:13  warning  'point' is not defined                            no-undef
    16:13  warning  'point' is not defined                            no-undef
    17:14  warning  'point' is not defined                            no-undef
    18:14  warning  'point' is not defined                            no-undef
    19:14  warning  'point' is not defined                            no-undef
    20:14  warning  'point' is not defined                            no-undef
    21:14  warning  'point' is not defined                            no-undef
    22:14  warning  'point' is not defined                            no-undef
    23:14  warning  'point' is not defined                            no-undef
    24:14  warning  'point' is not defined                            no-undef
    25:14  warning  'point' is not defined                            no-undef
    26:14  warning  'point' is not defined                            no-undef
    27:14  warning  'point' is not defined                            no-undef
    28:14  warning  'point' is not defined                            no-undef
    29:14  warning  'point' is not defined                            no-undef
    30:14  warning  'point' is not defined                            no-undef
    31:15  warning  'point' is not defined                            no-undef
    32:15  warning  'point' is not defined                            no-undef
    33:14  warning  'point' is not defined                            no-undef
    34:14  warning  'point' is not defined                            no-undef
    35:14  warning  'point' is not defined                            no-undef
    36:14  warning  'point' is not defined                            no-undef
    37:14  warning  'point' is not defined                            no-undef
    38:15  warning  'point' is not defined                            no-undef
    39:16  warning  'point' is not defined                            no-undef
    40:15  warning  'point' is not defined                            no-undef
    41:15  warning  'point' is not defined                            no-undef
    42:15  warning  'point' is not defined                            no-undef
    43:15  warning  'point' is not defined                            no-undef
    44:15  warning  'point' is not defined                            no-undef
    45:15  warning  'point' is not defined                            no-undef
    46:15  warning  'point' is not defined                            no-undef
    47:15  warning  'point' is not defined                            no-undef
    48:15  warning  'point' is not defined                            no-undef
    49:15  warning  'point' is not defined                            no-undef
    50:15  warning  'point' is not defined                            no-undef
    51:15  warning  'point' is not defined                            no-undef
    52:15  warning  'point' is not defined                            no-undef
    53:15  warning  'point' is not defined                            no-undef
    54:15  warning  'point' is not defined                            no-undef
    55:5   warning  'offset' is assigned a value but never used       no-unused-vars
    62:49  warning  'thetaz' is assigned a value but never used       no-unused-vars
    64:11  warning  'deg' is not defined                              no-undef
    65:28  warning  'rad' is not defined                              no-undef
    65:61  warning  'rad' is not defined                              no-undef
    67:5   warning  'temp' is assigned a value but never used         no-unused-vars
    69:9   warning  'pc' is assigned a value but never used           no-unused-vars
    71:5   warning  'BAC1' is assigned a value but never used         no-unused-vars
    73:5   warning  'speed' is assigned a value but never used        no-unused-vars
    76:5   warning  'aca' is assigned a value but never used          no-unused-vars
    76:10  warning  'acb' is assigned a value but never used          no-unused-vars
    76:15  warning  'adb' is assigned a value but never used          no-unused-vars
    76:20  warning  'ade' is assigned a value but never used          no-unused-vars
    77:5   warning  'x1coord' is defined but never used               no-unused-vars
    77:14  warning  'y1coord' is defined but never used               no-unused-vars
    78:10  warning  'DEO1' is assigned a value but never used         no-unused-vars
    79:5   warning  'temp1' is defined but never used                 no-unused-vars
    79:12  warning  'temp2' is defined but never used                 no-unused-vars
    85:5   warning  'time' is assigned a value but never used         no-unused-vars
    90:5   warning  'utx' is assigned a value but never used          no-unused-vars
    91:5   warning  'uty' is assigned a value but never used          no-unused-vars
   101:10  warning  'editcss' is defined but never used               no-unused-vars
   102:3   warning  '$' is not defined                                no-undef
   103:3   warning  '$' is not defined                                no-undef
   104:3   warning  '$' is not defined                                no-undef
   105:3   warning  '$' is not defined                                no-undef
   106:3   warning  '$' is not defined                                no-undef
   107:3   warning  '$' is not defined                                no-undef
   108:3   warning  '$' is not defined                                no-undef
   109:3   warning  '$' is not defined                                no-undef
   110:3   warning  '$' is not defined                                no-undef
   111:3   warning  '$' is not defined                                no-undef
   112:3   warning  '$' is not defined                                no-undef
   113:3   warning  '$' is not defined                                no-undef
   114:3   warning  '$' is not defined                                no-undef
   115:3   warning  '$' is not defined                                no-undef
   116:3   warning  '$' is not defined                                no-undef
   120:10  warning  'startsim' is defined but never used              no-unused-vars
   125:10  warning  'simstate' is defined but never used              no-unused-vars
   135:5   warning  '$' is not defined                                no-undef
   136:5   warning  'pauseTime' is not defined                        no-undef
   144:19  warning  'pauseTime' is not defined                        no-undef
   155:10  warning  'rotstate' is defined but never used              no-unused-vars
   171:10  warning  'screenchangef' is defined but never used         no-unused-vars
   175:10  warning  'screenchangeb' is defined but never used         no-unused-vars
   181:44  warning  'deg' is not defined                              no-undef
   183:18  warning  'deg' is not defined                              no-undef
   185:18  warning  'deg' is not defined                              no-undef
   187:18  warning  'deg' is not defined                              no-undef
   190:10  warning  'varinit' is defined but never used               no-unused-vars
   193:3   warning  '$' is not defined                                no-undef
   194:3   warning  '$' is not defined                                no-undef
   196:3   warning  '$' is not defined                                no-undef
   197:3   warning  '$' is not defined                                no-undef
   199:3   warning  '$' is not defined                                no-undef
   200:3   warning  '$' is not defined                                no-undef
   203:3   warning  '$' is not defined                                no-undef
   204:3   warning  '$' is not defined                                no-undef
   212:3   warning  '$' is not defined                                no-undef
   215:3   warning  '$' is not defined                                no-undef
   218:3   warning  '$' is not defined                                no-undef
   219:5   warning  '$' is not defined                                no-undef
   223:3   warning  '$' is not defined                                no-undef
   224:5   warning  '$' is not defined                                no-undef
   228:3   warning  '$' is not defined                                no-undef
   234:3   warning  '$' is not defined                                no-undef
   237:3   warning  '$' is not defined                                no-undef
   240:3   warning  '$' is not defined                                no-undef
   241:5   warning  '$' is not defined                                no-undef
   245:3   warning  '$' is not defined                                no-undef
   246:5   warning  '$' is not defined                                no-undef
   250:3   warning  '$' is not defined                                no-undef
   256:3   warning  '$' is not defined                                no-undef
   259:3   warning  '$' is not defined                                no-undef
   267:3   warning  '$' is not defined                                no-undef
   268:5   warning  '$' is not defined                                no-undef
   270:3   warning  '$' is not defined                                no-undef
   271:5   warning  '$' is not defined                                no-undef
   273:3   warning  '$' is not defined                                no-undef
   278:3   warning  '$' is not defined                                no-undef
   279:3   warning  '$' is not defined                                no-undef
   282:3   warning  '$' is not defined                                no-undef
   283:5   warning  '$' is not defined                                no-undef
   287:3   warning  '$' is not defined                                no-undef
   288:5   warning  '$' is not defined                                no-undef
   292:3   warning  '$' is not defined                                no-undef
   300:3   warning  '$' is not defined                                no-undef
   300:34  warning  '$' is not defined                                no-undef
   301:3   warning  '$' is not defined                                no-undef
   301:37  warning  '$' is not defined                                no-undef
   302:3   warning  '$' is not defined                                no-undef
   302:37  warning  '$' is not defined                                no-undef
   303:3   warning  '$' is not defined                                no-undef
   303:38  warning  '$' is not defined                                no-undef
   306:8   warning  '$' is not defined                                no-undef
   307:8   warning  '$' is not defined                                no-undef
   314:5   warning  '$' is not defined                                no-undef
   315:5   warning  '$' is not defined                                no-undef
   316:5   warning  '$' is not defined                                no-undef
   318:26  warning  '$' is not defined                                no-undef
   319:23  warning  'deg' is not defined                              no-undef
   323:5   warning  '$' is not defined                                no-undef
   324:5   warning  '$' is not defined                                no-undef
   325:5   warning  '$' is not defined                                no-undef
   326:5   warning  '$' is not defined                                no-undef
   327:5   warning  '$' is not defined                                no-undef
   328:5   warning  '$' is not defined                                no-undef
   329:11  warning  '$' is not defined                                no-undef
   330:26  warning  '$' is not defined                                no-undef
   340:39  warning  'rad' is not defined                              no-undef
   341:39  warning  'rad' is not defined                              no-undef
   343:39  warning  'rad' is not defined                              no-undef
   344:39  warning  'rad' is not defined                              no-undef
   345:9   warning  'deg' is not defined                              no-undef
   346:39  warning  'rad' is not defined                              no-undef
   349:19  warning  'rad' is not defined                              no-undef
   349:52  warning  'rad' is not defined                              no-undef
   350:27  warning  'rad' is not defined                              no-undef
   351:29  warning  'rad' is not defined                              no-undef
   355:29  warning  'rad' is not defined                              no-undef
   355:56  warning  'rad' is not defined                              no-undef
   356:30  warning  'rad' is not defined                              no-undef
   356:57  warning  'rad' is not defined                              no-undef
   359:39  warning  'rad' is not defined                              no-undef
   360:39  warning  'rad' is not defined                              no-undef
   364:48  warning  'rad' is not defined                              no-undef
   365:48  warning  'rad' is not defined                              no-undef
   367:48  warning  'rad' is not defined                              no-undef
   368:48  warning  'rad' is not defined                              no-undef
   370:48  warning  'rad' is not defined                              no-undef
   371:48  warning  'rad' is not defined                              no-undef
   374:30  warning  'rad' is not defined                              no-undef
   374:63  warning  'rad' is not defined                              no-undef
   376:29  warning  'rad' is not defined                              no-undef
   377:28  warning  'rad' is not defined                              no-undef
   386:36  warning  'rad' is not defined                              no-undef
   387:27  warning  'rad' is not defined                              no-undef
   391:35  warning  'rad' is not defined                              no-undef
   392:27  warning  'rad' is not defined                              no-undef
   393:39  warning  'rad' is not defined                              no-undef
   394:20  warning  'rad' is not defined                              no-undef
   398:49  warning  'rad' is not defined                              no-undef
   399:49  warning  'rad' is not defined                              no-undef
   402:10  warning  'pointdist' is not defined                        no-undef
   403:47  warning  'rad' is not defined                              no-undef
   404:47  warning  'rad' is not defined                              no-undef
   405:63  warning  'rad' is not defined                              no-undef
   406:63  warning  'rad' is not defined                              no-undef
   408:8   warning  'pointdist' is not defined                        no-undef
   408:37  warning  'rad' is not defined                              no-undef
   409:8   warning  'pointdist' is not defined                        no-undef
   409:37  warning  'rad' is not defined                              no-undef
   423:42  warning  'rad' is not defined                              no-undef
   424:42  warning  'rad' is not defined                              no-undef
   427:63  warning  'rad' is not defined                              no-undef
   428:63  warning  'rad' is not defined                              no-undef
   430:29  warning  'rad' is not defined                              no-undef
   431:37  warning  'rad' is not defined                              no-undef
   432:28  warning  'rad' is not defined                              no-undef
   433:37  warning  'rad' is not defined                              no-undef
   438:9   warning  'pointdist' is not defined                        no-undef
   438:29  warning  'pointdist' is not defined                        no-undef
   438:65  warning  'rad' is not defined                              no-undef
   441:9   warning  'pointdist' is not defined                        no-undef
   441:29  warning  'pointdist' is not defined                        no-undef
   441:65  warning  'rad' is not defined                              no-undef
   445:9   warning  'pointdist' is not defined                        no-undef
   445:29  warning  'pointdist' is not defined                        no-undef
   445:65  warning  'rad' is not defined                              no-undef
   448:9   warning  'pointdist' is not defined                        no-undef
   448:29  warning  'pointdist' is not defined                        no-undef
   448:65  warning  'rad' is not defined                              no-undef
   450:64  warning  'rad' is not defined                              no-undef
   471:15  warning  'ctx' is defined but never used                   no-unused-vars
   477:6   warning  'pointdist' is not defined                        no-undef
   480:6   warning  'pointdist' is not defined                        no-undef
   483:6   warning  'pointdist' is not defined                        no-undef
   486:6   warning  'pointdist' is not defined                        no-undef
   489:6   warning  'pointdist' is not defined                        no-undef
   494:15  warning  'ctx' is defined but never used                   no-unused-vars
   500:6   warning  'pointdist' is not defined                        no-undef
   503:6   warning  'pointdist' is not defined                        no-undef
   506:6   warning  'pointdist' is not defined                        no-undef
   509:6   warning  'pointdist' is not defined                        no-undef
   512:6   warning  'pointdist' is not defined                        no-undef
   515:6   warning  'pointdist' is not defined                        no-undef
   929:3   warning  '$' is not defined                                no-undef
   931:3   warning  '$' is not defined                                no-undef
   932:3   warning  '$' is not defined                                no-undef
   933:3   warning  '$' is not defined                                no-undef
   934:3   warning  '$' is not defined                                no-undef
   935:3   warning  '$' is not defined                                no-undef
   936:3   warning  '$' is not defined                                no-undef
   938:3   warning  '$' is not defined                                no-undef
   939:3   warning  '$' is not defined                                no-undef
   940:3   warning  '$' is not defined                                no-undef
   941:3   warning  '$' is not defined                                no-undef
   942:3   warning  '$' is not defined                                no-undef
   943:3   warning  '$' is not defined                                no-undef
   944:3   warning  '$' is not defined                                no-undef
   945:3   warning  '$' is not defined                                no-undef
   946:3   warning  '$' is not defined                                no-undef
   947:3   warning  '$' is not defined                                no-undef
   948:3   warning  '$' is not defined                                no-undef
   950:3   warning  '$' is not defined                                no-undef
   952:3   warning  '$' is not defined                                no-undef
  1000:3   warning  'pointjoin' is not defined                        no-undef
  1001:3   warning  'pointjoin' is not defined                        no-undef
  1002:3   warning  'pointjoin' is not defined                        no-undef
  1003:3   warning  'pointjoin' is not defined                        no-undef
  1004:3   warning  'pointjoin' is not defined                        no-undef
  1005:3   warning  'pointjoin' is not defined                        no-undef
  1007:3   warning  'pointdisp' is not defined                        no-undef
  1008:3   warning  'pointdisp' is not defined                        no-undef
  1009:3   warning  'pointdisp' is not defined                        no-undef
  1010:3   warning  'pointdisp' is not defined                        no-undef
  1011:3   warning  'pointdisp' is not defined                        no-undef
  1012:3   warning  'pointdisp' is not defined                        no-undef
  1036:5   warning  'pointtrace' is not defined                       no-undef
  1037:5   warning  'pointdisp' is not defined                        no-undef
  1063:3   warning  '$' is not defined                                no-undef
  1065:3   warning  '$' is not defined                                no-undef
  1066:3   warning  '$' is not defined                                no-undef
  1067:3   warning  '$' is not defined                                no-undef
  1068:3   warning  '$' is not defined                                no-undef
  1069:3   warning  '$' is not defined                                no-undef
  1070:3   warning  '$' is not defined                                no-undef
  1072:3   warning  '$' is not defined                                no-undef
  1073:3   warning  '$' is not defined                                no-undef
  1074:3   warning  '$' is not defined                                no-undef
  1075:3   warning  '$' is not defined                                no-undef
  1076:3   warning  '$' is not defined                                no-undef
  1077:3   warning  '$' is not defined                                no-undef
  1078:3   warning  '$' is not defined                                no-undef
  1079:3   warning  '$' is not defined                                no-undef
  1080:3   warning  '$' is not defined                                no-undef
  1081:3   warning  '$' is not defined                                no-undef
  1082:3   warning  '$' is not defined                                no-undef
  1084:3   warning  '$' is not defined                                no-undef
  1086:3   warning  '$' is not defined                                no-undef
  1096:49  warning  'rad' is not defined                              no-undef
  1097:49  warning  'rad' is not defined                              no-undef
  1099:49  warning  'rad' is not defined                              no-undef
  1100:49  warning  'rad' is not defined                              no-undef
  1101:10  warning  'deg' is not defined                              no-undef
  1102:49  warning  'rad' is not defined                              no-undef
  1105:3   warning  'pointjoin' is not defined                        no-undef
  1106:3   warning  'pointjoin' is not defined                        no-undef
  1107:3   warning  'pointjoin' is not defined                        no-undef
  1108:3   warning  'pointjoin' is not defined                        no-undef
  1109:3   warning  'pointjoin' is not defined                        no-undef
  1110:3   warning  'pointjoin' is not defined                        no-undef
  1112:3   warning  'pointjoin' is not defined                        no-undef
  1113:3   warning  'pointjoin' is not defined                        no-undef
  1114:3   warning  'pointjoin' is not defined                        no-undef
  1115:3   warning  'pointjoin' is not defined                        no-undef
  1116:3   warning  'pointjoin' is not defined                        no-undef
  1118:3   warning  'pointdisp' is not defined                        no-undef
  1119:3   warning  'pointdisp' is not defined                        no-undef
  1120:3   warning  'pointdisp' is not defined                        no-undef
  1121:3   warning  'pointdisp' is not defined                        no-undef
  1122:3   warning  'pointdisp' is not defined                        no-undef
  1140:3   warning  'pointdisp' is not defined                        no-undef
  1144:3   warning  'pointdisp' is not defined                        no-undef
  1148:3   warning  'pointdisp' is not defined                        no-undef
  1152:3   warning  'pointdisp' is not defined                        no-undef
  1156:3   warning  'pointdisp' is not defined                        no-undef
  1160:3   warning  'pointdisp' is not defined                        no-undef
  1186:3   warning  'drawArrow' is not defined                        no-undef
  1187:3   warning  'drawArrow' is not defined                        no-undef
  1191:16  warning  'signof' is not defined                           no-undef
  1196:3   warning  'drawArrow' is not defined                        no-undef
  1200:10  warning  'signof' is not defined                           no-undef
  1205:3   warning  'drawArrow' is not defined                        no-undef
  1209:16  warning  'signof' is not defined                           no-undef
  1214:3   warning  'drawArrow' is not defined                        no-undef
  1238:3   warning  '$' is not defined                                no-undef
  1240:3   warning  '$' is not defined                                no-undef
  1241:3   warning  '$' is not defined                                no-undef
  1242:3   warning  '$' is not defined                                no-undef
  1243:3   warning  '$' is not defined                                no-undef
  1244:3   warning  '$' is not defined                                no-undef
  1245:3   warning  '$' is not defined                                no-undef
  1247:3   warning  '$' is not defined                                no-undef
  1248:3   warning  '$' is not defined                                no-undef
  1249:3   warning  '$' is not defined                                no-undef
  1250:3   warning  '$' is not defined                                no-undef
  1251:3   warning  '$' is not defined                                no-undef
  1252:3   warning  '$' is not defined                                no-undef
  1253:3   warning  '$' is not defined                                no-undef
  1254:3   warning  '$' is not defined                                no-undef
  1255:3   warning  '$' is not defined                                no-undef
  1256:3   warning  '$' is not defined                                no-undef
  1257:3   warning  '$' is not defined                                no-undef
  1259:3   warning  '$' is not defined                                no-undef
  1261:3   warning  '$' is not defined                                no-undef
  1274:49  warning  'rad' is not defined                              no-undef
  1275:49  warning  'rad' is not defined                              no-undef
  1277:49  warning  'rad' is not defined                              no-undef
  1278:49  warning  'rad' is not defined                              no-undef
  1279:10  warning  'deg' is not defined                              no-undef
  1280:49  warning  'rad' is not defined                              no-undef
  1283:3   warning  'pointjoin' is not defined                        no-undef
  1284:3   warning  'pointjoin' is not defined                        no-undef
  1285:3   warning  'pointjoin' is not defined                        no-undef
  1286:3   warning  'pointjoin' is not defined                        no-undef
  1287:3   warning  'pointjoin' is not defined                        no-undef
  1312:3   warning  'pointjoin' is not defined                        no-undef
  1313:3   warning  'pointjoin' is not defined                        no-undef
  1314:3   warning  'pointjoin' is not defined                        no-undef
  1315:3   warning  'pointjoin' is not defined                        no-undef
  1316:3   warning  'pointjoin' is not defined                        no-undef
  1317:3   warning  'pointjoin' is not defined                        no-undef
  1318:3   warning  'pointjoin' is not defined                        no-undef
  1319:3   warning  'pointjoin' is not defined                        no-undef
  1320:3   warning  'pointjoin' is not defined                        no-undef
  1321:3   warning  'pointjoin' is not defined                        no-undef
  1322:3   warning  'pointjoin' is not defined                        no-undef
  1324:3   warning  'pointdisp' is not defined                        no-undef
  1325:3   warning  'pointdisp' is not defined                        no-undef
  1326:3   warning  'pointdisp' is not defined                        no-undef
  1327:3   warning  'pointdisp' is not defined                        no-undef
  1328:3   warning  'pointdisp' is not defined                        no-undef
  1332:3   warning  'pointdisp' is not defined                        no-undef
  1336:3   warning  'pointdisp' is not defined                        no-undef
  1340:3   warning  'pointdisp' is not defined                        no-undef
  1344:3   warning  'pointdisp' is not defined                        no-undef
  1348:3   warning  'pointdisp' is not defined                        no-undef
  1352:3   warning  'pointdisp' is not defined                        no-undef
  1356:3   warning  'pointdisp' is not defined                        no-undef
  1360:3   warning  'pointdisp' is not defined                        no-undef
  1364:3   warning  'pointdisp' is not defined                        no-undef
  1368:3   warning  'pointdisp' is not defined                        no-undef
  1372:3   warning  'pointdisp' is not defined                        no-undef
  1374:3   warning  'drawArrow' is not defined                        no-undef
  1383:3   warning  'drawArrow' is not defined                        no-undef
  1387:10  warning  'signof' is not defined                           no-undef
  1392:3   warning  'drawArrow' is not defined                        no-undef
  1393:3   warning  'drawArrow' is not defined                        no-undef
  1397:16  warning  'signof' is not defined                           no-undef
  1402:3   warning  'drawArrow' is not defined                        no-undef
  1406:16  warning  'signof' is not defined                           no-undef
  1411:3   warning  'drawArrow' is not defined                        no-undef
  1412:3   warning  'drawArrow' is not defined                        no-undef
  1413:3   warning  'drawArrow' is not defined                        no-undef
  1417:16  warning  'signof' is not defined                           no-undef
  1422:3   warning  'drawArrow' is not defined                        no-undef
  1431:3   warning  'drawArrow' is not defined                        no-undef
  1444:10  warning  'tracePlot' is defined but never used             no-unused-vars
  1463:10  warning  'printcomment' is defined but never used          no-unused-vars

✖ 527 problems (1 error, 526 warnings)

